<?xml version="1.0" encoding="UTF-8"?>
<!-- Generated by org.testng.reporters.JUnitReportReporter -->
<testsuite hostname="INLT1996" failures="0" tests="1" name="ToolsQA.SeleniumTest" time="0.000" errors="0" timestamp="2019-10-04T15:02:47 IST" skipped="0">
  <testcase classname="ToolsQA.SeleniumTest" name="WebAutomation" time="0.000"/>
</testsuite> <!-- ToolsQA.SeleniumTest -->
